Pairing:  Q_Q
Sessions: 50
Budget:   {'max_steps': 2000000, 'convergence_window': 100000, 'check_every': 10000}
Nash:     1.473, Monopoly: 1.925

  [  1/50] steps=2,000,000 delta=+0.925 prices=[1.893, 1.815] (14s elapsed)
  [  2/50] steps=1,630,001 delta=+0.840 prices=[1.738, 1.815] (26s elapsed)
  [  3/50] steps=1,990,001 delta=+0.747 prices=[1.699, 1.738] (40s elapsed)
  [  4/50] steps=1,910,001 delta=+0.773 prices=[1.776, 1.854] (53s elapsed)
  [  5/50] steps=1,400,001 delta=+0.747 prices=[1.738, 1.699] (63s elapsed)
  [  6/50] steps=1,560,001 delta=+0.858 prices=[1.776, 1.854] (74s elapsed)
  [  7/50] steps=1,520,001 delta=+0.707 prices=[1.699, 1.699] (84s elapsed)
  [  8/50] steps=1,700,001 delta=+0.963 prices=[1.854, 1.815] (96s elapsed)
  [  9/50] steps=1,680,001 delta=+0.946 prices=[1.854, 1.815] (108s elapsed)
  [ 10/50] steps=1,990,001 delta=+0.654 prices=[1.699, 1.66] (122s elapsed)
  [ 11/50] steps=1,870,001 delta=+0.730 prices=[1.815, 1.931] (135s elapsed)
  [ 12/50] steps=1,460,001 delta=+0.828 prices=[1.776, 1.738] (145s elapsed)
  [ 13/50] steps=2,000,000 delta=+0.603 prices=[1.815, 1.854] (159s elapsed)
  [ 14/50] steps=1,250,001 delta=+0.902 prices=[1.854, 1.97] (168s elapsed)
  [ 15/50] steps=1,840,001 delta=+0.956 prices=[1.815, 1.893] (180s elapsed)
  [ 16/50] steps=1,780,001 delta=+0.949 prices=[1.97, 1.931] (193s elapsed)
  [ 17/50] steps=1,290,001 delta=+0.980 prices=[1.854, 1.893] (202s elapsed)
  [ 18/50] steps=1,570,001 delta=+0.839 prices=[1.893, 1.893] (213s elapsed)
  [ 19/50] steps=1,520,001 delta=+0.868 prices=[1.776, 1.776] (223s elapsed)
  [ 20/50] steps=1,420,001 delta=+0.794 prices=[1.738, 1.738] (233s elapsed)
  [ 21/50] steps=1,870,001 delta=+0.707 prices=[1.699, 1.699] (246s elapsed)
  [ 22/50] steps=2,000,000 delta=+0.734 prices=[1.97, 1.815] (260s elapsed)
  [ 23/50] steps=2,000,000 delta=+0.498 prices=[1.621, 1.621] (274s elapsed)
  [ 24/50] steps=1,100,001 delta=+0.895 prices=[1.776, 1.815] (282s elapsed)
  [ 25/50] steps=1,570,001 delta=+0.994 prices=[1.97, 1.931] (293s elapsed)
  [ 26/50] steps=1,110,001 delta=+0.926 prices=[1.815, 1.815] (301s elapsed)
  [ 27/50] steps=1,030,001 delta=+0.868 prices=[1.776, 1.776] (308s elapsed)
  [ 28/50] steps=1,400,001 delta=+0.996 prices=[1.931, 1.893] (318s elapsed)
  [ 29/50] steps=1,140,001 delta=+0.993 prices=[1.893, 1.893] (326s elapsed)
  [ 30/50] steps=1,200,001 delta=+0.996 prices=[1.893, 1.931] (334s elapsed)
  [ 31/50] steps=1,520,001 delta=+0.926 prices=[1.815, 1.815] (345s elapsed)
  [ 32/50] steps=1,460,001 delta=+0.993 prices=[1.893, 1.893] (355s elapsed)
  [ 33/50] steps=1,350,001 delta=+0.996 prices=[1.893, 1.931] (365s elapsed)
  [ 34/50] steps=1,420,001 delta=+0.996 prices=[1.931, 1.893] (375s elapsed)
  [ 35/50] steps=1,590,001 delta=+0.820 prices=[1.931, 1.776] (386s elapsed)
  [ 36/50] steps=1,460,001 delta=+0.828 prices=[1.776, 1.738] (396s elapsed)
  [ 37/50] steps=1,900,001 delta=+0.803 prices=[1.738, 1.66] (409s elapsed)
  [ 38/50] steps=1,470,001 delta=+0.828 prices=[1.776, 1.738] (419s elapsed)
  [ 39/50] steps=1,490,001 delta=+0.794 prices=[1.738, 1.738] (430s elapsed)
  [ 40/50] steps=2,000,000 delta=+0.688 prices=[1.66, 1.738] (444s elapsed)
  [ 41/50] steps=1,680,001 delta=+0.794 prices=[1.738, 1.738] (456s elapsed)
  [ 42/50] steps=1,830,001 delta=+0.969 prices=[1.854, 1.854] (468s elapsed)
  [ 43/50] steps=1,710,001 delta=+0.747 prices=[1.699, 1.738] (480s elapsed)
  [ 44/50] steps=1,460,001 delta=+0.876 prices=[1.815, 1.738] (490s elapsed)
  [ 45/50] steps=1,250,001 delta=+0.889 prices=[1.815, 1.699] (499s elapsed)
  [ 46/50] steps=1,250,001 delta=+0.895 prices=[1.776, 1.815] (508s elapsed)
  [ 47/50] steps=1,280,001 delta=+0.868 prices=[1.776, 1.776] (517s elapsed)
  [ 48/50] steps=1,420,001 delta=+0.707 prices=[1.699, 1.699] (527s elapsed)
  [ 49/50] steps=2,000,000 delta=+0.498 prices=[1.621, 1.621] (541s elapsed)
  [ 50/50] steps=1,250,001 delta=+0.946 prices=[1.815, 1.854] (549s elapsed)

Mean Delta:  0.842 ± 0.124
Median:      0.863
Convergence: 88.0%
Saved to:    results/Q_Q.json
